2022-03-13T12:18:48+00:00 CRITICAL Uncaught TypeError: call_user_func_array(): Argument #1 ($callback) must be a valid callback, non-static method Custom_Column::smashing_filter_posts_columns() cannot be called statically in C:\xampp\htdocs\sebpo_project\sebpoinventory\wp-includes\class-wp-hook.php:307
Stack trace:
#0 C:\xampp\htdocs\sebpo_project\sebpoinventory\wp-includes\plugin.php(189): WP_Hook->apply_filters(Array, Array)
#1 C:\xampp\htdocs\sebpo_project\sebpoinventory\wp-admin\includes\class-wp-posts-list-table.php(739): apply_filters('manage_requisit...', Array)
#2 C:\xampp\htdocs\sebpo_project\sebpoinventory\wp-includes\class-wp-hook.php(307): WP_Posts_List_Table->get_columns(Array)
#3 C:\xampp\htdocs\sebpo_project\sebpoinventory\wp-includes\plugin.php(189): WP_Hook->apply_filters(Array, Array)
#4 C:\xampp\htdocs\sebpo_project\sebpoinventory\wp-admin\includes\screen.php(37): apply_filters('manage_edit-req...', Array)
#5 C:\xampp\htdocs\sebpo_project\sebpoinventory\wp-admin\includes\class-wp-screen.php(995): get_column_headers(Object(WP_Screen))
#6 C:\xampp\htdocs\sebpo_project\sebpoinventory\wp-admin\includes\class-wp-screen.php(956): WP_Screen->show_screen_options()
#7 C:\xampp\htdocs\sebpo_project\sebpoinventory\wp-admin\admin-header.php(281): WP_Screen->render_screen_meta()
#8 C:\xampp\htdocs\sebpo_project\sebpoinventory\wp-admin\edit.php(397): require_once('C:\\xampp\\htdocs...')
#9 {main}
  thrown in C:\xampp\htdocs\sebpo_project\sebpoinventory\wp-includes\class-wp-hook.php on line 307

2022-03-13T15:42:02+00:00 CRITICAL Uncaught ArgumentCountError: Too few arguments to function Custom_Column::cps_fill_posts_columns(), 1 passed in C:\xampp\htdocs\sebpo_project\sebpoinventory\wp-includes\class-wp-hook.php on line 309 and exactly 2 expected in C:\xampp\htdocs\sebpo_project\sebpoinventory\wp-content\plugins\custom-procurement\column_customize.php:22
Stack trace:
#0 C:\xampp\htdocs\sebpo_project\sebpoinventory\wp-includes\class-wp-hook.php(309): Custom_Column::cps_fill_posts_columns('product_name')
#1 C:\xampp\htdocs\sebpo_project\sebpoinventory\wp-includes\class-wp-hook.php(331): WP_Hook->apply_filters('', Array)
#2 C:\xampp\htdocs\sebpo_project\sebpoinventory\wp-includes\plugin.php(474): WP_Hook->do_action(Array)
#3 C:\xampp\htdocs\sebpo_project\sebpoinventory\wp-admin\includes\class-wp-posts-list-table.php(1350): do_action('manage_requisit...', 'product_name', 289)
#4 C:\xampp\htdocs\sebpo_project\sebpoinventory\wp-admin\includes\class-wp-list-table.php(1450): WP_Posts_List_Table->column_default(Object(WP_Post), 'product_name')
#5 C:\xampp\htdocs\sebpo_project\sebpoinventory\wp-admin\includes\class-wp-posts-list-table.php(1384): WP_List_Table->single_row_columns(Object(WP_Post))
#6 C:\xampp\htdocs\sebpo_project\sebpoinventory\wp-admin\includes\class-wp-posts-list-table.php(795): WP_Posts_List_Table->single_row(Object(WP_Post), 0)
#7 C:\xampp\htdocs\sebpo_project\sebpoinventory\wp-admin\includes\class-wp-posts-list-table.php(772): WP_Posts_List_Table->_display_rows(Array, 0)
#8 C:\xampp\htdocs\sebpo_project\sebpoinventory\wp-admin\includes\class-wp-list-table.php(1362): WP_Posts_List_Table->display_rows()
#9 C:\xampp\htdocs\sebpo_project\sebpoinventory\wp-admin\includes\class-wp-list-table.php(1289): WP_List_Table->display_rows_or_placeholder()
#10 C:\xampp\htdocs\sebpo_project\sebpoinventory\wp-admin\edit.php(477): WP_List_Table->display()
#11 {main}
  thrown in C:\xampp\htdocs\sebpo_project\sebpoinventory\wp-content\plugins\custom-procurement\column_customize.php on line 22

2022-03-13T16:02:22+00:00 CRITICAL Uncaught Error: Cannot use object of type WP_Post as array in C:\xampp\htdocs\sebpo_project\sebpoinventory\wp-content\plugins\custom-procurement\column_customize.php:49
Stack trace:
#0 C:\xampp\htdocs\sebpo_project\sebpoinventory\wp-includes\class-wp-hook.php(307): Custom_Column::cps_fill_posts_columns('product_name', 289)
#1 C:\xampp\htdocs\sebpo_project\sebpoinventory\wp-includes\class-wp-hook.php(331): WP_Hook->apply_filters('', Array)
#2 C:\xampp\htdocs\sebpo_project\sebpoinventory\wp-includes\plugin.php(474): WP_Hook->do_action(Array)
#3 C:\xampp\htdocs\sebpo_project\sebpoinventory\wp-admin\includes\class-wp-posts-list-table.php(1350): do_action('manage_requisit...', 'product_name', 289)
#4 C:\xampp\htdocs\sebpo_project\sebpoinventory\wp-admin\includes\class-wp-list-table.php(1450): WP_Posts_List_Table->column_default(Object(WP_Post), 'product_name')
#5 C:\xampp\htdocs\sebpo_project\sebpoinventory\wp-admin\includes\class-wp-posts-list-table.php(1384): WP_List_Table->single_row_columns(Object(WP_Post))
#6 C:\xampp\htdocs\sebpo_project\sebpoinventory\wp-admin\includes\class-wp-posts-list-table.php(795): WP_Posts_List_Table->single_row(Object(WP_Post), 0)
#7 C:\xampp\htdocs\sebpo_project\sebpoinventory\wp-admin\includes\class-wp-posts-list-table.php(772): WP_Posts_List_Table->_display_rows(Array, 0)
#8 C:\xampp\htdocs\sebpo_project\sebpoinventory\wp-admin\includes\class-wp-list-table.php(1362): WP_Posts_List_Table->display_rows()
#9 C:\xampp\htdocs\sebpo_project\sebpoinventory\wp-admin\includes\class-wp-list-table.php(1289): WP_List_Table->display_rows_or_placeholder()
#10 C:\xampp\htdocs\sebpo_project\sebpoinventory\wp-admin\edit.php(477): WP_List_Table->display()
#11 {main}
  thrown in C:\xampp\htdocs\sebpo_project\sebpoinventory\wp-content\plugins\custom-procurement\column_customize.php on line 49

2022-03-13T16:28:58+00:00 CRITICAL Uncaught Error: Object of class WP_Error could not be converted to string in C:\xampp\htdocs\sebpo_project\sebpoinventory\wp-content\plugins\custom-procurement\column_customize.php:106
Stack trace:
#0 C:\xampp\htdocs\sebpo_project\sebpoinventory\wp-includes\class-wp-hook.php(307): Custom_Column::cps_fill_posts_columns('department', 289)
#1 C:\xampp\htdocs\sebpo_project\sebpoinventory\wp-includes\class-wp-hook.php(331): WP_Hook->apply_filters('', Array)
#2 C:\xampp\htdocs\sebpo_project\sebpoinventory\wp-includes\plugin.php(474): WP_Hook->do_action(Array)
#3 C:\xampp\htdocs\sebpo_project\sebpoinventory\wp-admin\includes\class-wp-posts-list-table.php(1350): do_action('manage_requisit...', 'department', 289)
#4 C:\xampp\htdocs\sebpo_project\sebpoinventory\wp-admin\includes\class-wp-list-table.php(1450): WP_Posts_List_Table->column_default(Object(WP_Post), 'department')
#5 C:\xampp\htdocs\sebpo_project\sebpoinventory\wp-admin\includes\class-wp-posts-list-table.php(1384): WP_List_Table->single_row_columns(Object(WP_Post))
#6 C:\xampp\htdocs\sebpo_project\sebpoinventory\wp-admin\includes\class-wp-posts-list-table.php(795): WP_Posts_List_Table->single_row(Object(WP_Post), 0)
#7 C:\xampp\htdocs\sebpo_project\sebpoinventory\wp-admin\includes\class-wp-posts-list-table.php(772): WP_Posts_List_Table->_display_rows(Array, 0)
#8 C:\xampp\htdocs\sebpo_project\sebpoinventory\wp-admin\includes\class-wp-list-table.php(1362): WP_Posts_List_Table->display_rows()
#9 C:\xampp\htdocs\sebpo_project\sebpoinventory\wp-admin\includes\class-wp-list-table.php(1289): WP_List_Table->display_rows_or_placeholder()
#10 C:\xampp\htdocs\sebpo_project\sebpoinventory\wp-admin\edit.php(477): WP_List_Table->display()
#11 {main}
  thrown in C:\xampp\htdocs\sebpo_project\sebpoinventory\wp-content\plugins\custom-procurement\column_customize.php on line 106

2022-03-13T16:33:27+00:00 CRITICAL Uncaught TypeError: Cannot access offset of type string on string in C:\xampp\htdocs\sebpo_project\sebpoinventory\wp-content\plugins\custom-procurement\column_customize.php:105
Stack trace:
#0 C:\xampp\htdocs\sebpo_project\sebpoinventory\wp-includes\class-wp-hook.php(307): Custom_Column::cps_fill_posts_columns('department', 289)
#1 C:\xampp\htdocs\sebpo_project\sebpoinventory\wp-includes\class-wp-hook.php(331): WP_Hook->apply_filters('', Array)
#2 C:\xampp\htdocs\sebpo_project\sebpoinventory\wp-includes\plugin.php(474): WP_Hook->do_action(Array)
#3 C:\xampp\htdocs\sebpo_project\sebpoinventory\wp-admin\includes\class-wp-posts-list-table.php(1350): do_action('manage_requisit...', 'department', 289)
#4 C:\xampp\htdocs\sebpo_project\sebpoinventory\wp-admin\includes\class-wp-list-table.php(1450): WP_Posts_List_Table->column_default(Object(WP_Post), 'department')
#5 C:\xampp\htdocs\sebpo_project\sebpoinventory\wp-admin\includes\class-wp-posts-list-table.php(1384): WP_List_Table->single_row_columns(Object(WP_Post))
#6 C:\xampp\htdocs\sebpo_project\sebpoinventory\wp-admin\includes\class-wp-posts-list-table.php(795): WP_Posts_List_Table->single_row(Object(WP_Post), 0)
#7 C:\xampp\htdocs\sebpo_project\sebpoinventory\wp-admin\includes\class-wp-posts-list-table.php(772): WP_Posts_List_Table->_display_rows(Array, 0)
#8 C:\xampp\htdocs\sebpo_project\sebpoinventory\wp-admin\includes\class-wp-list-table.php(1362): WP_Posts_List_Table->display_rows()
#9 C:\xampp\htdocs\sebpo_project\sebpoinventory\wp-admin\includes\class-wp-list-table.php(1289): WP_List_Table->display_rows_or_placeholder()
#10 C:\xampp\htdocs\sebpo_project\sebpoinventory\wp-admin\edit.php(477): WP_List_Table->display()
#11 {main}
  thrown in C:\xampp\htdocs\sebpo_project\sebpoinventory\wp-content\plugins\custom-procurement\column_customize.php on line 105

2022-03-13T16:33:39+00:00 CRITICAL Uncaught TypeError: Cannot access offset of type string on string in C:\xampp\htdocs\sebpo_project\sebpoinventory\wp-content\plugins\custom-procurement\column_customize.php:105
Stack trace:
#0 C:\xampp\htdocs\sebpo_project\sebpoinventory\wp-includes\class-wp-hook.php(307): Custom_Column::cps_fill_posts_columns('department', 289)
#1 C:\xampp\htdocs\sebpo_project\sebpoinventory\wp-includes\class-wp-hook.php(331): WP_Hook->apply_filters('', Array)
#2 C:\xampp\htdocs\sebpo_project\sebpoinventory\wp-includes\plugin.php(474): WP_Hook->do_action(Array)
#3 C:\xampp\htdocs\sebpo_project\sebpoinventory\wp-admin\includes\class-wp-posts-list-table.php(1350): do_action('manage_requisit...', 'department', 289)
#4 C:\xampp\htdocs\sebpo_project\sebpoinventory\wp-admin\includes\class-wp-list-table.php(1450): WP_Posts_List_Table->column_default(Object(WP_Post), 'department')
#5 C:\xampp\htdocs\sebpo_project\sebpoinventory\wp-admin\includes\class-wp-posts-list-table.php(1384): WP_List_Table->single_row_columns(Object(WP_Post))
#6 C:\xampp\htdocs\sebpo_project\sebpoinventory\wp-admin\includes\class-wp-posts-list-table.php(795): WP_Posts_List_Table->single_row(Object(WP_Post), 0)
#7 C:\xampp\htdocs\sebpo_project\sebpoinventory\wp-admin\includes\class-wp-posts-list-table.php(772): WP_Posts_List_Table->_display_rows(Array, 0)
#8 C:\xampp\htdocs\sebpo_project\sebpoinventory\wp-admin\includes\class-wp-list-table.php(1362): WP_Posts_List_Table->display_rows()
#9 C:\xampp\htdocs\sebpo_project\sebpoinventory\wp-admin\includes\class-wp-list-table.php(1289): WP_List_Table->display_rows_or_placeholder()
#10 C:\xampp\htdocs\sebpo_project\sebpoinventory\wp-admin\edit.php(477): WP_List_Table->display()
#11 {main}
  thrown in C:\xampp\htdocs\sebpo_project\sebpoinventory\wp-content\plugins\custom-procurement\column_customize.php on line 105

2022-03-13T16:34:16+00:00 CRITICAL Uncaught TypeError: Cannot access offset of type string on string in C:\xampp\htdocs\sebpo_project\sebpoinventory\wp-content\plugins\custom-procurement\column_customize.php:105
Stack trace:
#0 C:\xampp\htdocs\sebpo_project\sebpoinventory\wp-includes\class-wp-hook.php(307): Custom_Column::cps_fill_posts_columns('department', 289)
#1 C:\xampp\htdocs\sebpo_project\sebpoinventory\wp-includes\class-wp-hook.php(331): WP_Hook->apply_filters('', Array)
#2 C:\xampp\htdocs\sebpo_project\sebpoinventory\wp-includes\plugin.php(474): WP_Hook->do_action(Array)
#3 C:\xampp\htdocs\sebpo_project\sebpoinventory\wp-admin\includes\class-wp-posts-list-table.php(1350): do_action('manage_requisit...', 'department', 289)
#4 C:\xampp\htdocs\sebpo_project\sebpoinventory\wp-admin\includes\class-wp-list-table.php(1450): WP_Posts_List_Table->column_default(Object(WP_Post), 'department')
#5 C:\xampp\htdocs\sebpo_project\sebpoinventory\wp-admin\includes\class-wp-posts-list-table.php(1384): WP_List_Table->single_row_columns(Object(WP_Post))
#6 C:\xampp\htdocs\sebpo_project\sebpoinventory\wp-admin\includes\class-wp-posts-list-table.php(795): WP_Posts_List_Table->single_row(Object(WP_Post), 0)
#7 C:\xampp\htdocs\sebpo_project\sebpoinventory\wp-admin\includes\class-wp-posts-list-table.php(772): WP_Posts_List_Table->_display_rows(Array, 0)
#8 C:\xampp\htdocs\sebpo_project\sebpoinventory\wp-admin\includes\class-wp-list-table.php(1362): WP_Posts_List_Table->display_rows()
#9 C:\xampp\htdocs\sebpo_project\sebpoinventory\wp-admin\includes\class-wp-list-table.php(1289): WP_List_Table->display_rows_or_placeholder()
#10 C:\xampp\htdocs\sebpo_project\sebpoinventory\wp-admin\edit.php(477): WP_List_Table->display()
#11 {main}
  thrown in C:\xampp\htdocs\sebpo_project\sebpoinventory\wp-content\plugins\custom-procurement\column_customize.php on line 105

2022-03-13T16:37:03+00:00 CRITICAL Uncaught Error: Cannot use object of type WP_Error as array in C:\xampp\htdocs\sebpo_project\sebpoinventory\wp-content\plugins\custom-procurement\column_customize.php:106
Stack trace:
#0 C:\xampp\htdocs\sebpo_project\sebpoinventory\wp-includes\class-wp-hook.php(307): Custom_Column::cps_fill_posts_columns('department', 289)
#1 C:\xampp\htdocs\sebpo_project\sebpoinventory\wp-includes\class-wp-hook.php(331): WP_Hook->apply_filters('', Array)
#2 C:\xampp\htdocs\sebpo_project\sebpoinventory\wp-includes\plugin.php(474): WP_Hook->do_action(Array)
#3 C:\xampp\htdocs\sebpo_project\sebpoinventory\wp-admin\includes\class-wp-posts-list-table.php(1350): do_action('manage_requisit...', 'department', 289)
#4 C:\xampp\htdocs\sebpo_project\sebpoinventory\wp-admin\includes\class-wp-list-table.php(1450): WP_Posts_List_Table->column_default(Object(WP_Post), 'department')
#5 C:\xampp\htdocs\sebpo_project\sebpoinventory\wp-admin\includes\class-wp-posts-list-table.php(1384): WP_List_Table->single_row_columns(Object(WP_Post))
#6 C:\xampp\htdocs\sebpo_project\sebpoinventory\wp-admin\includes\class-wp-posts-list-table.php(795): WP_Posts_List_Table->single_row(Object(WP_Post), 0)
#7 C:\xampp\htdocs\sebpo_project\sebpoinventory\wp-admin\includes\class-wp-posts-list-table.php(772): WP_Posts_List_Table->_display_rows(Array, 0)
#8 C:\xampp\htdocs\sebpo_project\sebpoinventory\wp-admin\includes\class-wp-list-table.php(1362): WP_Posts_List_Table->display_rows()
#9 C:\xampp\htdocs\sebpo_project\sebpoinventory\wp-admin\includes\class-wp-list-table.php(1289): WP_List_Table->display_rows_or_placeholder()
#10 C:\xampp\htdocs\sebpo_project\sebpoinventory\wp-admin\edit.php(477): WP_List_Table->display()
#11 {main}
  thrown in C:\xampp\htdocs\sebpo_project\sebpoinventory\wp-content\plugins\custom-procurement\column_customize.php on line 106

2022-03-13T16:48:24+00:00 CRITICAL Uncaught Error: Undefined constant "var_dump" in C:\xampp\htdocs\sebpo_project\sebpoinventory\wp-content\plugins\custom-procurement\column_customize.php:99
Stack trace:
#0 C:\xampp\htdocs\sebpo_project\sebpoinventory\wp-includes\class-wp-hook.php(307): Custom_Column::cps_fill_posts_columns('department', 289)
#1 C:\xampp\htdocs\sebpo_project\sebpoinventory\wp-includes\class-wp-hook.php(331): WP_Hook->apply_filters('', Array)
#2 C:\xampp\htdocs\sebpo_project\sebpoinventory\wp-includes\plugin.php(474): WP_Hook->do_action(Array)
#3 C:\xampp\htdocs\sebpo_project\sebpoinventory\wp-admin\includes\class-wp-posts-list-table.php(1350): do_action('manage_requisit...', 'department', 289)
#4 C:\xampp\htdocs\sebpo_project\sebpoinventory\wp-admin\includes\class-wp-list-table.php(1450): WP_Posts_List_Table->column_default(Object(WP_Post), 'department')
#5 C:\xampp\htdocs\sebpo_project\sebpoinventory\wp-admin\includes\class-wp-posts-list-table.php(1384): WP_List_Table->single_row_columns(Object(WP_Post))
#6 C:\xampp\htdocs\sebpo_project\sebpoinventory\wp-admin\includes\class-wp-posts-list-table.php(795): WP_Posts_List_Table->single_row(Object(WP_Post), 0)
#7 C:\xampp\htdocs\sebpo_project\sebpoinventory\wp-admin\includes\class-wp-posts-list-table.php(772): WP_Posts_List_Table->_display_rows(Array, 0)
#8 C:\xampp\htdocs\sebpo_project\sebpoinventory\wp-admin\includes\class-wp-list-table.php(1362): WP_Posts_List_Table->display_rows()
#9 C:\xampp\htdocs\sebpo_project\sebpoinventory\wp-admin\includes\class-wp-list-table.php(1289): WP_List_Table->display_rows_or_placeholder()
#10 C:\xampp\htdocs\sebpo_project\sebpoinventory\wp-admin\edit.php(477): WP_List_Table->display()
#11 {main}
  thrown in C:\xampp\htdocs\sebpo_project\sebpoinventory\wp-content\plugins\custom-procurement\column_customize.php on line 99

2022-03-13T16:49:23+00:00 CRITICAL Uncaught Error: Undefined constant "var_dump" in C:\xampp\htdocs\sebpo_project\sebpoinventory\wp-content\plugins\custom-procurement\column_customize.php:99
Stack trace:
#0 C:\xampp\htdocs\sebpo_project\sebpoinventory\wp-includes\class-wp-hook.php(307): Custom_Column::cps_fill_posts_columns('department', 289)
#1 C:\xampp\htdocs\sebpo_project\sebpoinventory\wp-includes\class-wp-hook.php(331): WP_Hook->apply_filters('', Array)
#2 C:\xampp\htdocs\sebpo_project\sebpoinventory\wp-includes\plugin.php(474): WP_Hook->do_action(Array)
#3 C:\xampp\htdocs\sebpo_project\sebpoinventory\wp-admin\includes\class-wp-posts-list-table.php(1350): do_action('manage_requisit...', 'department', 289)
#4 C:\xampp\htdocs\sebpo_project\sebpoinventory\wp-admin\includes\class-wp-list-table.php(1450): WP_Posts_List_Table->column_default(Object(WP_Post), 'department')
#5 C:\xampp\htdocs\sebpo_project\sebpoinventory\wp-admin\includes\class-wp-posts-list-table.php(1384): WP_List_Table->single_row_columns(Object(WP_Post))
#6 C:\xampp\htdocs\sebpo_project\sebpoinventory\wp-admin\includes\class-wp-posts-list-table.php(795): WP_Posts_List_Table->single_row(Object(WP_Post), 0)
#7 C:\xampp\htdocs\sebpo_project\sebpoinventory\wp-admin\includes\class-wp-posts-list-table.php(772): WP_Posts_List_Table->_display_rows(Array, 0)
#8 C:\xampp\htdocs\sebpo_project\sebpoinventory\wp-admin\includes\class-wp-list-table.php(1362): WP_Posts_List_Table->display_rows()
#9 C:\xampp\htdocs\sebpo_project\sebpoinventory\wp-admin\includes\class-wp-list-table.php(1289): WP_List_Table->display_rows_or_placeholder()
#10 C:\xampp\htdocs\sebpo_project\sebpoinventory\wp-admin\edit.php(477): WP_List_Table->display()
#11 {main}
  thrown in C:\xampp\htdocs\sebpo_project\sebpoinventory\wp-content\plugins\custom-procurement\column_customize.php on line 99

2022-03-13T16:49:32+00:00 CRITICAL Uncaught Error: Undefined constant "var_dump" in C:\xampp\htdocs\sebpo_project\sebpoinventory\wp-content\plugins\custom-procurement\column_customize.php:99
Stack trace:
#0 C:\xampp\htdocs\sebpo_project\sebpoinventory\wp-includes\class-wp-hook.php(307): Custom_Column::cps_fill_posts_columns('department', 289)
#1 C:\xampp\htdocs\sebpo_project\sebpoinventory\wp-includes\class-wp-hook.php(331): WP_Hook->apply_filters('', Array)
#2 C:\xampp\htdocs\sebpo_project\sebpoinventory\wp-includes\plugin.php(474): WP_Hook->do_action(Array)
#3 C:\xampp\htdocs\sebpo_project\sebpoinventory\wp-admin\includes\class-wp-posts-list-table.php(1350): do_action('manage_requisit...', 'department', 289)
#4 C:\xampp\htdocs\sebpo_project\sebpoinventory\wp-admin\includes\class-wp-list-table.php(1450): WP_Posts_List_Table->column_default(Object(WP_Post), 'department')
#5 C:\xampp\htdocs\sebpo_project\sebpoinventory\wp-admin\includes\class-wp-posts-list-table.php(1384): WP_List_Table->single_row_columns(Object(WP_Post))
#6 C:\xampp\htdocs\sebpo_project\sebpoinventory\wp-admin\includes\class-wp-posts-list-table.php(795): WP_Posts_List_Table->single_row(Object(WP_Post), 0)
#7 C:\xampp\htdocs\sebpo_project\sebpoinventory\wp-admin\includes\class-wp-posts-list-table.php(772): WP_Posts_List_Table->_display_rows(Array, 0)
#8 C:\xampp\htdocs\sebpo_project\sebpoinventory\wp-admin\includes\class-wp-list-table.php(1362): WP_Posts_List_Table->display_rows()
#9 C:\xampp\htdocs\sebpo_project\sebpoinventory\wp-admin\includes\class-wp-list-table.php(1289): WP_List_Table->display_rows_or_placeholder()
#10 C:\xampp\htdocs\sebpo_project\sebpoinventory\wp-admin\edit.php(477): WP_List_Table->display()
#11 {main}
  thrown in C:\xampp\htdocs\sebpo_project\sebpoinventory\wp-content\plugins\custom-procurement\column_customize.php on line 99

2022-03-13T17:04:01+00:00 CRITICAL Uncaught Error: Object of class WP_Error could not be converted to string in C:\xampp\htdocs\sebpo_project\sebpoinventory\wp-content\plugins\custom-procurement\column_customize.php:107
Stack trace:
#0 C:\xampp\htdocs\sebpo_project\sebpoinventory\wp-includes\class-wp-hook.php(307): Custom_Column::cps_fill_posts_columns('department', 289)
#1 C:\xampp\htdocs\sebpo_project\sebpoinventory\wp-includes\class-wp-hook.php(331): WP_Hook->apply_filters('', Array)
#2 C:\xampp\htdocs\sebpo_project\sebpoinventory\wp-includes\plugin.php(474): WP_Hook->do_action(Array)
#3 C:\xampp\htdocs\sebpo_project\sebpoinventory\wp-admin\includes\class-wp-posts-list-table.php(1350): do_action('manage_requisit...', 'department', 289)
#4 C:\xampp\htdocs\sebpo_project\sebpoinventory\wp-admin\includes\class-wp-list-table.php(1450): WP_Posts_List_Table->column_default(Object(WP_Post), 'department')
#5 C:\xampp\htdocs\sebpo_project\sebpoinventory\wp-admin\includes\class-wp-posts-list-table.php(1384): WP_List_Table->single_row_columns(Object(WP_Post))
#6 C:\xampp\htdocs\sebpo_project\sebpoinventory\wp-admin\includes\class-wp-posts-list-table.php(795): WP_Posts_List_Table->single_row(Object(WP_Post), 0)
#7 C:\xampp\htdocs\sebpo_project\sebpoinventory\wp-admin\includes\class-wp-posts-list-table.php(772): WP_Posts_List_Table->_display_rows(Array, 0)
#8 C:\xampp\htdocs\sebpo_project\sebpoinventory\wp-admin\includes\class-wp-list-table.php(1362): WP_Posts_List_Table->display_rows()
#9 C:\xampp\htdocs\sebpo_project\sebpoinventory\wp-admin\includes\class-wp-list-table.php(1289): WP_List_Table->display_rows_or_placeholder()
#10 C:\xampp\htdocs\sebpo_project\sebpoinventory\wp-admin\edit.php(477): WP_List_Table->display()
#11 {main}
  thrown in C:\xampp\htdocs\sebpo_project\sebpoinventory\wp-content\plugins\custom-procurement\column_customize.php on line 107

2022-03-13T17:05:58+00:00 CRITICAL Uncaught Error: Object of class WP_Error could not be converted to string in C:\xampp\htdocs\sebpo_project\sebpoinventory\wp-content\plugins\custom-procurement\column_customize.php:111
Stack trace:
#0 C:\xampp\htdocs\sebpo_project\sebpoinventory\wp-includes\class-wp-hook.php(307): Custom_Column::cps_fill_posts_columns('department', 289)
#1 C:\xampp\htdocs\sebpo_project\sebpoinventory\wp-includes\class-wp-hook.php(331): WP_Hook->apply_filters('', Array)
#2 C:\xampp\htdocs\sebpo_project\sebpoinventory\wp-includes\plugin.php(474): WP_Hook->do_action(Array)
#3 C:\xampp\htdocs\sebpo_project\sebpoinventory\wp-admin\includes\class-wp-posts-list-table.php(1350): do_action('manage_requisit...', 'department', 289)
#4 C:\xampp\htdocs\sebpo_project\sebpoinventory\wp-admin\includes\class-wp-list-table.php(1450): WP_Posts_List_Table->column_default(Object(WP_Post), 'department')
#5 C:\xampp\htdocs\sebpo_project\sebpoinventory\wp-admin\includes\class-wp-posts-list-table.php(1384): WP_List_Table->single_row_columns(Object(WP_Post))
#6 C:\xampp\htdocs\sebpo_project\sebpoinventory\wp-admin\includes\class-wp-posts-list-table.php(795): WP_Posts_List_Table->single_row(Object(WP_Post), 0)
#7 C:\xampp\htdocs\sebpo_project\sebpoinventory\wp-admin\includes\class-wp-posts-list-table.php(772): WP_Posts_List_Table->_display_rows(Array, 0)
#8 C:\xampp\htdocs\sebpo_project\sebpoinventory\wp-admin\includes\class-wp-list-table.php(1362): WP_Posts_List_Table->display_rows()
#9 C:\xampp\htdocs\sebpo_project\sebpoinventory\wp-admin\includes\class-wp-list-table.php(1289): WP_List_Table->display_rows_or_placeholder()
#10 C:\xampp\htdocs\sebpo_project\sebpoinventory\wp-admin\edit.php(477): WP_List_Table->display()
#11 {main}
  thrown in C:\xampp\htdocs\sebpo_project\sebpoinventory\wp-content\plugins\custom-procurement\column_customize.php on line 111

