2022-03-31T09:59:55+00:00 CRITICAL Uncaught TypeError: call_user_func_array(): Argument #1 ($callback) must be a valid callback, class "Custom_Menu" not found in /opt/lampp/htdocs/sebpo_projects/wpinventory/wp-includes/class-wp-hook.php:307
Stack trace:
#0 /opt/lampp/htdocs/sebpo_projects/wpinventory/wp-includes/class-wp-hook.php(331): WP_Hook->apply_filters(NULL, Array)
#1 /opt/lampp/htdocs/sebpo_projects/wpinventory/wp-includes/plugin.php(474): WP_Hook->do_action(Array)
#2 /opt/lampp/htdocs/sebpo_projects/wpinventory/wp-admin/includes/menu.php(155): do_action('admin_menu', '')
#3 /opt/lampp/htdocs/sebpo_projects/wpinventory/wp-admin/menu.php(394): require_once('/opt/lampp/htdo...')
#4 /opt/lampp/htdocs/sebpo_projects/wpinventory/wp-admin/admin.php(158): require('/opt/lampp/htdo...')
#5 /opt/lampp/htdocs/sebpo_projects/wpinventory/wp-admin/user-edit.php(10): require_once('/opt/lampp/htdo...')
#6 {main}
  thrown in /opt/lampp/htdocs/sebpo_projects/wpinventory/wp-includes/class-wp-hook.php on line 307

2022-03-31T10:01:25+00:00 CRITICAL Uncaught TypeError: call_user_func_array(): Argument #1 ($callback) must be a valid callback, class "Custom_Menu" not found in /opt/lampp/htdocs/sebpo_projects/wpinventory/wp-includes/class-wp-hook.php:307
Stack trace:
#0 /opt/lampp/htdocs/sebpo_projects/wpinventory/wp-includes/class-wp-hook.php(331): WP_Hook->apply_filters(NULL, Array)
#1 /opt/lampp/htdocs/sebpo_projects/wpinventory/wp-includes/plugin.php(474): WP_Hook->do_action(Array)
#2 /opt/lampp/htdocs/sebpo_projects/wpinventory/wp-admin/includes/menu.php(155): do_action('admin_menu', '')
#3 /opt/lampp/htdocs/sebpo_projects/wpinventory/wp-admin/menu.php(394): require_once('/opt/lampp/htdo...')
#4 /opt/lampp/htdocs/sebpo_projects/wpinventory/wp-admin/admin.php(158): require('/opt/lampp/htdo...')
#5 /opt/lampp/htdocs/sebpo_projects/wpinventory/wp-admin/user-edit.php(10): require_once('/opt/lampp/htdo...')
#6 {main}
  thrown in /opt/lampp/htdocs/sebpo_projects/wpinventory/wp-includes/class-wp-hook.php on line 307

2022-03-31T10:01:36+00:00 CRITICAL Uncaught TypeError: call_user_func_array(): Argument #1 ($callback) must be a valid callback, class "Custom_Menu" not found in /opt/lampp/htdocs/sebpo_projects/wpinventory/wp-includes/class-wp-hook.php:307
Stack trace:
#0 /opt/lampp/htdocs/sebpo_projects/wpinventory/wp-includes/class-wp-hook.php(331): WP_Hook->apply_filters(NULL, Array)
#1 /opt/lampp/htdocs/sebpo_projects/wpinventory/wp-includes/plugin.php(474): WP_Hook->do_action(Array)
#2 /opt/lampp/htdocs/sebpo_projects/wpinventory/wp-admin/includes/menu.php(155): do_action('admin_menu', '')
#3 /opt/lampp/htdocs/sebpo_projects/wpinventory/wp-admin/menu.php(394): require_once('/opt/lampp/htdo...')
#4 /opt/lampp/htdocs/sebpo_projects/wpinventory/wp-admin/admin.php(158): require('/opt/lampp/htdo...')
#5 /opt/lampp/htdocs/sebpo_projects/wpinventory/wp-admin/user-edit.php(10): require_once('/opt/lampp/htdo...')
#6 {main}
  thrown in /opt/lampp/htdocs/sebpo_projects/wpinventory/wp-includes/class-wp-hook.php on line 307

2022-03-31T10:04:15+00:00 CRITICAL Uncaught TypeError: call_user_func_array(): Argument #1 ($callback) must be a valid callback, class "Custom_Menu" not found in /opt/lampp/htdocs/sebpo_projects/wpinventory/wp-includes/class-wp-hook.php:307
Stack trace:
#0 /opt/lampp/htdocs/sebpo_projects/wpinventory/wp-includes/class-wp-hook.php(331): WP_Hook->apply_filters(NULL, Array)
#1 /opt/lampp/htdocs/sebpo_projects/wpinventory/wp-includes/plugin.php(474): WP_Hook->do_action(Array)
#2 /opt/lampp/htdocs/sebpo_projects/wpinventory/wp-admin/includes/menu.php(155): do_action('admin_menu', '')
#3 /opt/lampp/htdocs/sebpo_projects/wpinventory/wp-admin/menu.php(394): require_once('/opt/lampp/htdo...')
#4 /opt/lampp/htdocs/sebpo_projects/wpinventory/wp-admin/admin.php(158): require('/opt/lampp/htdo...')
#5 /opt/lampp/htdocs/sebpo_projects/wpinventory/wp-admin/user-edit.php(10): require_once('/opt/lampp/htdo...')
#6 {main}
  thrown in /opt/lampp/htdocs/sebpo_projects/wpinventory/wp-includes/class-wp-hook.php on line 307

2022-03-31T10:04:27+00:00 CRITICAL Uncaught TypeError: call_user_func_array(): Argument #1 ($callback) must be a valid callback, class "Custom_Menu" not found in /opt/lampp/htdocs/sebpo_projects/wpinventory/wp-includes/class-wp-hook.php:307
Stack trace:
#0 /opt/lampp/htdocs/sebpo_projects/wpinventory/wp-includes/class-wp-hook.php(331): WP_Hook->apply_filters(NULL, Array)
#1 /opt/lampp/htdocs/sebpo_projects/wpinventory/wp-includes/plugin.php(474): WP_Hook->do_action(Array)
#2 /opt/lampp/htdocs/sebpo_projects/wpinventory/wp-admin/includes/menu.php(155): do_action('admin_menu', '')
#3 /opt/lampp/htdocs/sebpo_projects/wpinventory/wp-admin/menu.php(394): require_once('/opt/lampp/htdo...')
#4 /opt/lampp/htdocs/sebpo_projects/wpinventory/wp-admin/admin.php(158): require('/opt/lampp/htdo...')
#5 {main}
  thrown in /opt/lampp/htdocs/sebpo_projects/wpinventory/wp-includes/class-wp-hook.php on line 307

